2025-07-03 11:31:52,523 - INFO - INICIANDO PROCESSAMENTO DO PLANNER
2025-07-03 11:31:52,524 - INFO - Arquivo encontrado: Gerenciamento de Projetos .xlsx
2025-07-03 11:31:52,525 - INFO - Diretório de saída criado/validado: C:\Users\artur.almeida\Documents\progs\PowerBi_Projetos\outputs
2025-07-03 11:31:52,525 - INFO - Iniciando pipeline de processamento
2025-07-03 11:31:52,925 - INFO - Arquivo carregado: 61 linhas, 18 colunas
2025-07-03 11:31:52,926 - INFO - Validação de colunas: OK
2025-07-03 11:31:52,930 - INFO - Aplicando transformações...
2025-07-03 11:31:52,948 - INFO - Buckets encontrados no arquivo: ['Execução', 'Backlog', 'A fazer', 'Aguardando validação', 'Concluidas']
2025-07-03 11:31:52,950 - INFO - Buckets permitidos (normalizados): ['execucao', 'aguardando validacao', 'concluidos', 'concluido', 'concluida', 'concluidas']
2025-07-03 11:31:52,950 - INFO - Buckets encontrados (normalizados): ['execucao', 'backlog', 'a fazer', 'aguardando validacao', 'concluidas']
2025-07-03 11:31:52,951 - INFO - Buckets que terão datas removidas:
2025-07-03 11:31:52,952 - INFO -   Original: 'Backlog' -> Normalizado: 'backlog'
2025-07-03 11:31:52,953 - INFO -   Original: 'A fazer' -> Normalizado: 'a fazer'
2025-07-03 11:31:52,953 - INFO - Removendo datas de 27 registros com buckets não permitidos
2025-07-03 11:31:52,953 - INFO -   - 27 datas de início removidas
2025-07-03 11:31:52,953 - INFO -   - 27 datas de entrega removidas
2025-07-03 11:31:52,954 - INFO - Buckets com datas removidas:
2025-07-03 11:31:52,954 - INFO -   - 'Backlog': 17 registros
2025-07-03 11:31:52,954 - INFO -   - 'A fazer': 10 registros
2025-07-03 11:31:52,957 - INFO - Convertendo 4 colunas de data
2025-07-03 11:31:52,961 - WARNING - Data de início: 25 datas falharam no parsing
2025-07-03 11:31:52,963 - WARNING - Data de entrega: 14 datas falharam no parsing
2025-07-03 11:31:52,965 - WARNING - Data de conclusão: 41 datas falharam no parsing
2025-07-03 11:31:52,965 - INFO - Preenchendo data de início para 12 registros
2025-07-03 11:31:52,965 - INFO - Regra: Data de início = Data de entrega - 20 dias
2025-07-03 11:31:52,968 - INFO - Distribuição por bucket:
2025-07-03 11:31:52,972 - INFO -   execução: 19 registros
2025-07-03 11:31:52,972 - INFO -   backlog: 17 registros
2025-07-03 11:31:52,973 - INFO -   a fazer: 10 registros
2025-07-03 11:31:52,973 - INFO -   aguardando validação: 9 registros
2025-07-03 11:31:52,973 - INFO -   concluidas: 6 registros
2025-07-03 11:31:52,974 - INFO -   Data de início: 21/61 preenchidas (34.4%)
2025-07-03 11:31:52,977 - INFO -   Data de entrega: 20/61 preenchidas (32.8%)
2025-07-03 11:31:52,977 - INFO -   Data de conclusão: 20/61 preenchidas (32.8%)
2025-07-03 11:31:52,978 - INFO - Total de registros processados: 61
2025-07-03 11:31:53,040 - INFO - Arquivo salvo com sucesso: TarefasPlanner_20250703_113152.xlsx
2025-07-03 11:31:53,040 - INFO - Pipeline concluído com sucesso
2025-07-03 11:31:53,040 - INFO - Iniciando validação dos resultados...
2025-07-03 11:31:53,041 - INFO - Carregando arquivos para validação...
2025-07-03 11:31:53,052 - INFO - Arquivo de entrada: 61 linhas
2025-07-03 11:31:53,084 - INFO - Arquivo de saída: 61 linhas
2025-07-03 11:31:53,084 - INFO - Executando validações...
2025-07-03 11:31:53,094 - INFO - ============================================================
2025-07-03 11:31:53,094 - INFO - RELATÓRIO DE VALIDAÇÃO
2025-07-03 11:31:53,095 - INFO - ============================================================
2025-07-03 11:31:53,095 - INFO - Testes executados: 5
2025-07-03 11:31:53,095 - INFO - Testes aprovados: 5
2025-07-03 11:31:53,095 - INFO - Taxa de sucesso: 100.0%
2025-07-03 11:31:53,095 - INFO - 
2025-07-03 11:31:53,095 - INFO - Contagem de Linhas: ✅ Número de linhas preservado: 61
2025-07-03 11:31:53,095 - INFO - IDs Únicos: ✅ Todos os 61 IDs preservados
2025-07-03 11:31:53,095 - INFO - Datas Críticas: ✅ Datas importantes preservadas adequadamente
2025-07-03 11:31:53,096 - INFO - Regras de Bucket: ✅ Regras de bucket aplicadas corretamente
2025-07-03 11:31:53,096 - INFO - Consistência de Dados: ✅ Dados consistentes
2025-07-03 11:31:53,096 - INFO - 
2025-07-03 11:31:53,096 - INFO - ESTATÍSTICAS:
2025-07-03 11:31:53,096 - INFO - Preenchimento de datas:
2025-07-03 11:31:53,097 - INFO -   Data de início: 21/61 (34.4%)
2025-07-03 11:31:53,097 - INFO -   Data de entrega: 20/61 (32.8%)
2025-07-03 11:31:53,097 - INFO -   Data de conclusão: 20/61 (32.8%)
2025-07-03 11:31:53,097 - INFO - Distribuição por bucket:
2025-07-03 11:31:53,097 - INFO -   Execução: 19 registros
2025-07-03 11:31:53,097 - INFO -   Backlog: 17 registros
2025-07-03 11:31:53,097 - INFO -   A fazer: 10 registros
2025-07-03 11:31:53,097 - INFO -   Aguardando validação: 9 registros
2025-07-03 11:31:53,098 - INFO -   Concluidas: 6 registros
2025-07-03 11:31:53,098 - INFO - ============================================================
2025-07-03 11:31:53,098 - INFO - ✅ Validação concluída: Todos os testes críticos passaram
2025-07-03 11:31:53,098 - INFO - PROCESSAMENTO CONCLUÍDO COM SUCESSO!
