2025-07-02 16:13:14,338 - INFO - INICIANDO PROCESSAMENTO DO PLANNER
2025-07-02 16:13:14,339 - INFO - Diretório de saída criado/validado: C:\Users\artur.almeida\Documents\progs\PowerBi_Projetos\outputs
2025-07-02 16:13:14,339 - INFO - Iniciando pipeline de processamento
2025-07-02 16:13:15,685 - INFO - Arquivo carregado: 57 linhas, 18 colunas
2025-07-02 16:13:15,686 - INFO - Validação de colunas: OK
2025-07-02 16:13:15,690 - INFO - Aplicando transformações...
2025-07-02 16:13:15,692 - INFO - Removendo datas de 31 registros com buckets inválidos
2025-07-02 16:13:15,693 - INFO -   - 31 datas de início removidas
2025-07-02 16:13:15,694 - INFO -   - 31 datas de entrega removidas
2025-07-02 16:13:15,695 - INFO - Buckets com datas removidas:
2025-07-02 16:13:15,696 - INFO -   - 'Backlog': 16 registros
2025-07-02 16:13:15,696 - INFO -   - 'A fazer': 10 registros
2025-07-02 16:13:15,696 - INFO -   - 'Concluidas': 5 registros
2025-07-02 16:13:15,699 - INFO - Convertendo 4 colunas de data
2025-07-02 16:13:15,705 - WARNING - Data de início: 19 datas falharam no parsing
2025-07-02 16:13:15,707 - WARNING - Data de entrega: 11 datas falharam no parsing
2025-07-02 16:13:15,708 - WARNING - Data de conclusão: 41 datas falharam no parsing
2025-07-02 16:13:15,709 - INFO - Preenchendo data de início para 10 registros
2025-07-02 16:13:15,710 - INFO - Regra: Data de início = Data de entrega - 20 dias
2025-07-02 16:13:15,713 - INFO - Distribuição por bucket:
2025-07-02 16:13:15,713 - INFO -   execução: 17 registros
2025-07-02 16:13:15,714 - INFO -   backlog: 16 registros
2025-07-02 16:13:15,714 - INFO -   a fazer: 10 registros
2025-07-02 16:13:15,714 - INFO -   aguardando validação: 9 registros
2025-07-02 16:13:15,714 - INFO -   concluidas: 5 registros
2025-07-02 16:13:15,715 - INFO -   Data de início: 17/57 preenchidas (29.8%)
2025-07-02 16:13:15,715 - INFO -   Data de entrega: 15/57 preenchidas (26.3%)
2025-07-02 16:13:15,716 - INFO -   Data de conclusão: 16/57 preenchidas (28.1%)
2025-07-02 16:13:15,716 - INFO - Total de registros processados: 57
2025-07-02 16:13:15,777 - INFO - Arquivo salvo com sucesso: TarefasPlanner_20250702_161315.xlsx
2025-07-02 16:13:15,778 - INFO - Pipeline concluído com sucesso
2025-07-02 16:13:15,778 - INFO - PROCESSAMENTO CONCLUÍDO COM SUCESSO!
